2026-03-04 20:38:04,998 - INFO - Starting 3 viewers for https://www.tiktok.com/@khamish92/live
2026-03-04 20:38:05,021 - INFO - Starting in 3 seconds...
2026-03-04 20:38:13,222 - INFO - Viewer 1: Starting session
2026-03-04 20:38:13,223 - INFO - Viewer 2: Starting session
2026-03-04 20:38:13,223 - INFO - Viewer 3: Starting session
2026-03-04 20:38:14,292 - INFO - Viewer 1: Using proxy http://khamis1992:zWoUVToxxgp3nYGE@proxy.packetstream.io:31112
2026-03-04 20:38:14,292 - INFO - Viewer 1: Starting browser...
2026-03-04 20:38:14,307 - INFO - Viewer 2: Using proxy http://khamis1992:zWoUVToxxgp3nYGE@proxy.packetstream.io:31112
2026-03-04 20:38:14,308 - INFO - Viewer 2: Starting browser...
2026-03-04 20:38:14,308 - INFO - Viewer 3: Using proxy http://khamis1992:zWoUVToxxgp3nYGE@proxy.packetstream.io:31112
2026-03-04 20:38:14,308 - INFO - Viewer 3: Starting browser...
2026-03-04 20:38:14,936 - INFO - Viewer 1: Loading page...
2026-03-04 20:38:14,942 - INFO - Viewer 3: Loading page...
2026-03-04 20:38:14,942 - INFO - Viewer 2: Loading page...
2026-03-04 20:39:15,017 - INFO - Viewer 3: Browser closed
2026-03-04 20:39:15,017 - INFO - Viewer 1: Browser closed
2026-03-04 20:39:15,018 - INFO - Viewer 2: Browser closed
2026-03-04 20:39:17,424 - INFO - Viewer 3: Using proxy http://khamis1992:zWoUVToxxgp3nYGE@proxy.packetstream.io:31112
2026-03-04 20:39:17,424 - INFO - Viewer 3: Starting browser...
2026-03-04 20:39:17,425 - INFO - Viewer 2: Using proxy http://khamis1992:zWoUVToxxgp3nYGE@proxy.packetstream.io:31112
2026-03-04 20:39:17,425 - INFO - Viewer 2: Starting browser...
2026-03-04 20:39:17,430 - INFO - Viewer 1: Using proxy http://khamis1992:zWoUVToxxgp3nYGE@proxy.packetstream.io:31112
2026-03-04 20:39:17,430 - INFO - Viewer 1: Starting browser...
2026-03-04 20:39:17,743 - INFO - Viewer 2: Loading page...
2026-03-04 20:39:17,744 - INFO - Viewer 3: Loading page...
2026-03-04 20:39:17,754 - INFO - Viewer 1: Loading page...
2026-03-04 20:41:21,125 - INFO - Starting 3 viewers for https://www.tiktok.com/@khamish92/live
2026-03-04 20:41:21,125 - INFO - Make sure you are LIVE on TikTok right now!
2026-03-04 20:41:21,125 - INFO - Starting in 3 seconds...
2026-03-04 20:41:28,849 - INFO - Viewer 1: Starting session
2026-03-04 20:41:28,849 - INFO - Viewer 2: Starting session
2026-03-04 20:41:28,850 - INFO - Viewer 3: Starting session
2026-03-04 20:41:29,248 - INFO - Viewer 2: Using proxy http://khamis1992:zWoUVToxxgp3nYGE@proxy.packetstream.io:31112
2026-03-04 20:41:29,249 - INFO - Viewer 2: Starting browser...
2026-03-04 20:41:29,254 - INFO - Viewer 1: Using proxy http://khamis1992:zWoUVToxxgp3nYGE@proxy.packetstream.io:31112
2026-03-04 20:41:29,254 - INFO - Viewer 1: Starting browser...
2026-03-04 20:41:29,255 - INFO - Viewer 3: Using proxy http://khamis1992:zWoUVToxxgp3nYGE@proxy.packetstream.io:31112
2026-03-04 20:41:29,255 - INFO - Viewer 3: Starting browser...
2026-03-04 20:41:29,513 - INFO - Viewer 2: Loading page...
2026-03-04 20:41:29,544 - INFO - Viewer 1: Loading page...
2026-03-04 20:41:29,544 - INFO - Viewer 3: Loading page...
2026-03-05 15:07:22,542 - INFO - Viewer 1: Starting session
2026-03-05 15:07:22,542 - INFO - Viewer 2: Starting session
2026-03-05 15:07:22,542 - INFO - Viewer 3: Starting session
2026-03-05 15:07:24,069 - INFO - Viewer 2: Using proxy http://test-proxy.example.com:8080
2026-03-05 15:07:24,069 - INFO - Viewer 2: Starting browser...
2026-03-05 15:07:24,089 - INFO - Viewer 3: Using proxy http://test.example.com:8080
2026-03-05 15:07:24,089 - INFO - Viewer 3: Starting browser...
2026-03-05 15:07:24,092 - INFO - Viewer 1: Using proxy http://test-proxy.example.com:8080
2026-03-05 15:07:24,092 - INFO - Viewer 1: Starting browser...
2026-03-05 15:07:24,095 - ERROR - Viewer 2: Session failed: Viewer 2: Unexpected error: BrowserType.launch: Executable doesn't exist at /home/ubuntu/.cache/ms-playwright/chromium_headless_shell-1187/chrome-linux/headless_shell
╔════════════════════════════════════════════════════════════╗
║ Looks like Playwright was just installed or updated.       ║
║ Please run the following command to download new browsers: ║
║                                                            ║
║     playwright install                                     ║
║                                                            ║
║ <3 Playwright Team                                         ║
╚════════════════════════════════════════════════════════════╝
2026-03-05 15:07:24,101 - ERROR - Viewer 3: Session failed: Viewer 3: Unexpected error: BrowserType.launch: Executable doesn't exist at /home/ubuntu/.cache/ms-playwright/chromium_headless_shell-1187/chrome-linux/headless_shell
╔════════════════════════════════════════════════════════════╗
║ Looks like Playwright was just installed or updated.       ║
║ Please run the following command to download new browsers: ║
║                                                            ║
║     playwright install                                     ║
║                                                            ║
║ <3 Playwright Team                                         ║
╚════════════════════════════════════════════════════════════╝
2026-03-05 15:07:24,103 - ERROR - Viewer 1: Session failed: Viewer 1: Unexpected error: BrowserType.launch: Executable doesn't exist at /home/ubuntu/.cache/ms-playwright/chromium_headless_shell-1187/chrome-linux/headless_shell
╔════════════════════════════════════════════════════════════╗
║ Looks like Playwright was just installed or updated.       ║
║ Please run the following command to download new browsers: ║
║                                                            ║
║     playwright install                                     ║
║                                                            ║
║ <3 Playwright Team                                         ║
╚════════════════════════════════════════════════════════════╝
2026-03-05 15:08:04,880 - INFO - Viewer 1: Starting session
2026-03-05 15:08:04,880 - INFO - Viewer 2: Starting session
2026-03-05 15:08:04,880 - INFO - Viewer 3: Starting session
2026-03-05 15:08:05,230 - INFO - Viewer 3: Using proxy http://test.example.com:8080
2026-03-05 15:08:05,230 - INFO - Viewer 3: Starting browser...
2026-03-05 15:08:05,236 - INFO - Viewer 1: Using proxy http://test-proxy.example.com:8080
2026-03-05 15:08:05,237 - INFO - Viewer 1: Starting browser...
2026-03-05 15:08:05,238 - INFO - Viewer 2: Using proxy http://test.example.com:8080
2026-03-05 15:08:05,238 - INFO - Viewer 2: Starting browser...
2026-03-05 15:08:18,612 - INFO - Viewer 3: Loading page...
2026-03-05 15:08:18,631 - INFO - Viewer 1: Loading page...
2026-03-05 15:08:18,636 - INFO - Viewer 2: Loading page...
2026-03-05 15:08:18,685 - INFO - Viewer 2: Browser closed
2026-03-05 15:08:18,686 - ERROR - Viewer 2: Session failed: Viewer 2: Failed to load page: Page.goto: net::ERR_PROXY_CONNECTION_FAILED at https://www.tiktok.com/@khamish92/live
Call log:
  - navigating to "https://www.tiktok.com/@khamish92/live", waiting until "load"

2026-03-05 15:08:18,688 - INFO - Viewer 3: Browser closed
2026-03-05 15:08:18,688 - ERROR - Viewer 3: Session failed: Viewer 3: Failed to load page: Page.goto: net::ERR_PROXY_CONNECTION_FAILED at https://www.tiktok.com/@khamish92/live
Call log:
  - navigating to "https://www.tiktok.com/@khamish92/live", waiting until "load"

2026-03-05 15:08:18,698 - INFO - Viewer 1: Browser closed
2026-03-05 15:08:18,699 - ERROR - Viewer 1: Session failed: Viewer 1: Failed to load page: Page.goto: net::ERR_PROXY_CONNECTION_FAILED at https://www.tiktok.com/@khamish92/live
Call log:
  - navigating to "https://www.tiktok.com/@khamish92/live", waiting until "load"

2026-03-05 15:10:51,269 - INFO - Viewer 1: Starting session
2026-03-05 15:10:51,269 - INFO - Viewer 2: Starting session
2026-03-05 15:10:51,269 - INFO - Viewer 3: Starting session
2026-03-05 15:10:51,615 - INFO - Viewer 2: Using proxy http://khamis1992:zWoUVToxxgp3nYGE@proxy.packetstream.io:31112
2026-03-05 15:10:51,615 - INFO - Viewer 2: Starting browser...
2026-03-05 15:10:51,633 - INFO - Viewer 1: Using proxy http://khamis1992:zWoUVToxxgp3nYGE@proxy.packetstream.io:31112
2026-03-05 15:10:51,633 - INFO - Viewer 1: Starting browser...
2026-03-05 15:10:51,646 - INFO - Viewer 3: Using proxy http://khamis1992:zWoUVToxxgp3nYGE@proxy.packetstream.io:31112
2026-03-05 15:10:51,646 - INFO - Viewer 3: Starting browser...
2026-03-05 15:10:51,911 - INFO - Viewer 2: Loading page...
2026-03-05 15:10:51,913 - INFO - Viewer 1: Loading page...
2026-03-05 15:10:51,916 - INFO - Viewer 3: Loading page...
2026-03-05 15:11:51,946 - INFO - Viewer 2: Browser closed
2026-03-05 15:11:51,946 - ERROR - Viewer 2: Session failed: Viewer 2: Timeout loading page: Page.goto: Timeout 60000ms exceeded.
Call log:
  - navigating to "https://www.tiktok.com/@khamish92/live", waiting until "load"

2026-03-05 15:11:51,947 - INFO - Viewer 1: Browser closed
2026-03-05 15:11:51,948 - ERROR - Viewer 1: Session failed: Viewer 1: Timeout loading page: Page.goto: Timeout 60000ms exceeded.
Call log:
  - navigating to "https://www.tiktok.com/@khamish92/live", waiting until "load"

2026-03-05 15:11:51,948 - INFO - Viewer 3: Browser closed
2026-03-05 15:11:51,949 - ERROR - Viewer 3: Session failed: Viewer 3: Timeout loading page: Page.goto: Timeout 60000ms exceeded.
Call log:
  - navigating to "https://www.tiktok.com/@khamish92/live", waiting until "load"

2026-03-05 15:13:40,445 - INFO - Viewer 1: Starting session
2026-03-05 15:13:40,445 - INFO - Viewer 2: Starting session
2026-03-05 15:13:40,445 - INFO - Viewer 3: Starting session
2026-03-05 15:13:40,803 - INFO - Viewer 1: Using proxy http://khamis1992:zWoUVToxxgp3nYGE@proxy.packetstream.io:31112
2026-03-05 15:13:40,803 - INFO - Viewer 1: Starting browser...
2026-03-05 15:13:40,817 - INFO - Viewer 3: Using proxy http://khamis1992:zWoUVToxxgp3nYGE@proxy.packetstream.io:31112
2026-03-05 15:13:40,817 - INFO - Viewer 3: Starting browser...
2026-03-05 15:13:40,829 - INFO - Viewer 2: Using proxy http://khamis1992:zWoUVToxxgp3nYGE@proxy.packetstream.io:31112
2026-03-05 15:13:40,829 - INFO - Viewer 2: Starting browser...
2026-03-05 15:13:40,990 - INFO - Viewer 1: Loading page...
2026-03-05 15:13:40,993 - INFO - Viewer 3: Loading page...
2026-03-05 15:13:40,998 - INFO - Viewer 2: Loading page...
2026-03-05 15:16:31,923 - INFO - Viewer 1: Starting session
2026-03-05 15:16:31,923 - INFO - Viewer 2: Starting session
2026-03-05 15:16:31,923 - INFO - Viewer 3: Starting session
2026-03-05 15:16:32,278 - INFO - Viewer 3: Using proxy http://khamis1992:zWoUVToxxgp3nYGE@proxy.packetstream.io:31112
2026-03-05 15:16:32,279 - INFO - Viewer 3: Starting browser...
2026-03-05 15:16:32,283 - INFO - Viewer 1: Using proxy http://khamis1992:zWoUVToxxgp3nYGE@proxy.packetstream.io:31112
2026-03-05 15:16:32,283 - INFO - Viewer 1: Starting browser...
2026-03-05 15:16:32,292 - INFO - Viewer 2: Using proxy http://khamis1992:zWoUVToxxgp3nYGE@proxy.packetstream.io:31112
2026-03-05 15:16:32,292 - INFO - Viewer 2: Starting browser...
2026-03-05 15:16:32,448 - INFO - Viewer 3: Loading page...
2026-03-05 15:16:32,449 - INFO - Viewer 2: Loading page...
2026-03-05 15:16:32,450 - INFO - Viewer 1: Loading page...
2026-03-05 15:58:21,176 - INFO - Viewer 1: Starting session
2026-03-05 15:58:21,177 - INFO - Viewer 2: Starting session
2026-03-05 15:58:21,177 - INFO - Viewer 3: Starting session
2026-03-05 15:58:21,523 - INFO - Viewer 2: Using proxy http://16.78.119.130:443
2026-03-05 15:58:21,523 - INFO - Viewer 2: Starting browser...
2026-03-05 15:58:21,548 - INFO - Viewer 3: Using proxy http://61.158.175.38:9002
2026-03-05 15:58:21,548 - INFO - Viewer 3: Starting browser...
2026-03-05 15:58:21,554 - INFO - Viewer 1: Using proxy http://185.166.24.191:1981
2026-03-05 15:58:21,554 - INFO - Viewer 1: Starting browser...
2026-03-05 15:58:21,707 - INFO - Viewer 2: Loading page...
2026-03-05 15:58:21,719 - INFO - Viewer 3: Loading page...
2026-03-05 15:58:21,720 - INFO - Viewer 1: Loading page...
2026-03-05 15:58:23,489 - INFO - Viewer 3: Browser closed
2026-03-05 15:58:23,489 - ERROR - Viewer 3: Session failed: Viewer 3: Failed to load page: Page.goto: net::ERR_EMPTY_RESPONSE at https://www.tiktok.com/@khamish92/live
Call log:
  - navigating to "https://www.tiktok.com/@khamish92/live", waiting until "domcontentloaded"

2026-03-05 15:58:26,763 - INFO - Viewer 1: Browser closed
2026-03-05 15:58:26,763 - ERROR - Viewer 1: Session failed: Viewer 1: Failed to load page: Page.goto: net::ERR_EMPTY_RESPONSE at https://www.tiktok.com/@khamish92/live
Call log:
  - navigating to "https://www.tiktok.com/@khamish92/live", waiting until "domcontentloaded"

2026-03-05 15:58:49,470 - INFO - Viewer 2: Page loaded (status: 200)
2026-03-05 15:58:57,531 - INFO - Viewer 2: Browser closed
2026-03-05 15:58:57,532 - ERROR - Viewer 2: Session failed: Viewer 2: Live stream has ended
2026-03-05 16:02:09,771 - INFO - Viewer 1: Starting session
2026-03-05 16:02:09,772 - INFO - Viewer 2: Starting session
2026-03-05 16:02:09,772 - INFO - Viewer 3: Starting session
2026-03-05 16:02:10,131 - INFO - Viewer 1: Using proxy http://12.50.107.221:80
2026-03-05 16:02:10,131 - INFO - Viewer 1: Starting browser...
2026-03-05 16:02:10,140 - INFO - Viewer 2: Using proxy http://143.42.66.91:80
2026-03-05 16:02:10,140 - INFO - Viewer 2: Starting browser...
2026-03-05 16:02:10,149 - INFO - Viewer 3: Using proxy http://23.153.217.115:5555
2026-03-05 16:02:10,149 - INFO - Viewer 3: Starting browser...
2026-03-05 16:02:10,325 - INFO - Viewer 1: Loading page...
2026-03-05 16:02:10,327 - INFO - Viewer 2: Loading page...
2026-03-05 16:02:10,329 - INFO - Viewer 3: Loading page...
2026-03-05 16:02:12,339 - INFO - Viewer 2: Browser closed
2026-03-05 16:02:12,339 - ERROR - Viewer 2: Session failed: Viewer 2: Failed to load page: Page.goto: net::ERR_TUNNEL_CONNECTION_FAILED at https://www.tiktok.com/@khamish92/live
Call log:
  - navigating to "https://www.tiktok.com/@khamish92/live", waiting until "domcontentloaded"

2026-03-05 16:02:12,343 - INFO - Viewer 2: Starting session
2026-03-05 16:02:12,687 - INFO - Viewer 2: Using proxy http://12.50.107.221:80
2026-03-05 16:02:12,687 - INFO - Viewer 2: Starting browser...
2026-03-05 16:02:12,822 - INFO - Viewer 2: Loading page...
2026-03-05 16:02:14,126 - INFO - Viewer 2: Browser closed
2026-03-05 16:02:14,126 - ERROR - Viewer 2: Session failed: Viewer 2: Failed to load page: Page.goto: net::ERR_EMPTY_RESPONSE at https://www.tiktok.com/@khamish92/live
Call log:
  - navigating to "https://www.tiktok.com/@khamish92/live", waiting until "domcontentloaded"

2026-03-05 16:02:14,131 - INFO - Viewer 2: Starting session
2026-03-05 16:02:14,472 - INFO - Viewer 2: Using proxy http://23.153.217.115:5555
2026-03-05 16:02:14,472 - INFO - Viewer 2: Starting browser...
2026-03-05 16:02:14,617 - INFO - Viewer 2: Loading page...
2026-03-05 16:02:15,373 - INFO - Viewer 1: Browser closed
2026-03-05 16:02:15,373 - ERROR - Viewer 1: Session failed: Viewer 1: Failed to load page: Page.goto: net::ERR_EMPTY_RESPONSE at https://www.tiktok.com/@khamish92/live
Call log:
  - navigating to "https://www.tiktok.com/@khamish92/live", waiting until "domcontentloaded"

2026-03-05 16:02:15,377 - INFO - Viewer 3: Browser closed
2026-03-05 16:02:15,377 - ERROR - Viewer 3: Session failed: Viewer 3: Failed to load page: Page.goto: net::ERR_EMPTY_RESPONSE at https://www.tiktok.com/@khamish92/live
Call log:
  - navigating to "https://www.tiktok.com/@khamish92/live", waiting until "domcontentloaded"

2026-03-05 16:02:15,380 - INFO - Viewer 1: Starting session
2026-03-05 16:02:15,383 - INFO - Viewer 3: Starting session
2026-03-05 16:02:15,728 - INFO - Viewer 1: Using proxy http://143.42.66.91:80
2026-03-05 16:02:15,728 - INFO - Viewer 1: Starting browser...
2026-03-05 16:02:15,732 - INFO - Viewer 3: Using proxy http://12.50.107.221:80
2026-03-05 16:02:15,733 - INFO - Viewer 3: Starting browser...
2026-03-05 16:02:15,884 - INFO - Viewer 3: Loading page...
2026-03-05 16:02:15,889 - INFO - Viewer 1: Loading page...
2026-03-05 16:02:17,663 - INFO - Viewer 1: Browser closed
2026-03-05 16:02:17,663 - ERROR - Viewer 1: Session failed: Viewer 1: Failed to load page: Page.goto: net::ERR_TUNNEL_CONNECTION_FAILED at https://www.tiktok.com/@khamish92/live
Call log:
  - navigating to "https://www.tiktok.com/@khamish92/live", waiting until "domcontentloaded"

2026-03-05 16:02:17,667 - INFO - Viewer 1: Starting session
2026-03-05 16:02:18,015 - INFO - Viewer 1: Using proxy http://23.153.217.115:5555
2026-03-05 16:02:18,015 - INFO - Viewer 1: Starting browser...
2026-03-05 16:02:18,140 - INFO - Viewer 1: Loading page...
2026-03-05 16:02:18,176 - INFO - Viewer 3: Browser closed
2026-03-05 16:02:18,176 - ERROR - Viewer 3: Session failed: Viewer 3: Failed to load page: Page.goto: net::ERR_EMPTY_RESPONSE at https://www.tiktok.com/@khamish92/live
Call log:
  - navigating to "https://www.tiktok.com/@khamish92/live", waiting until "domcontentloaded"

2026-03-05 16:02:18,180 - INFO - Viewer 3: Starting session
2026-03-05 16:02:18,521 - INFO - Viewer 3: Using proxy http://143.42.66.91:80
2026-03-05 16:02:18,521 - INFO - Viewer 3: Starting browser...
2026-03-05 16:02:18,672 - INFO - Viewer 3: Loading page...
2026-03-05 16:02:20,379 - INFO - Viewer 3: Browser closed
2026-03-05 16:02:20,379 - ERROR - Viewer 3: Session failed: Viewer 3: Failed to load page: Page.goto: net::ERR_TUNNEL_CONNECTION_FAILED at https://www.tiktok.com/@khamish92/live
Call log:
  - navigating to "https://www.tiktok.com/@khamish92/live", waiting until "domcontentloaded"

2026-03-05 16:02:23,182 - INFO - Viewer 1: Browser closed
2026-03-05 16:02:23,183 - ERROR - Viewer 1: Session failed: Viewer 1: Failed to load page: Page.goto: net::ERR_EMPTY_RESPONSE at https://www.tiktok.com/@khamish92/live
Call log:
  - navigating to "https://www.tiktok.com/@khamish92/live", waiting until "domcontentloaded"

2026-03-05 16:02:42,004 - INFO - Viewer 2: Page loaded (status: 200)
2026-03-05 16:02:50,070 - INFO - Viewer 2: Browser closed
2026-03-05 16:02:50,070 - ERROR - Viewer 2: Session failed: Viewer 2: Live stream has ended
2026-03-05 16:04:56,772 - INFO - Viewer 1: Starting session
2026-03-05 16:04:56,772 - INFO - Viewer 2: Starting session
2026-03-05 16:04:56,772 - INFO - Viewer 3: Starting session
2026-03-05 16:04:57,114 - INFO - Viewer 1: Using proxy http://45.140.147.82:1081
2026-03-05 16:04:57,114 - INFO - Viewer 1: Starting browser...
2026-03-05 16:04:57,134 - INFO - Viewer 2: Using proxy http://116.80.82.217:3172
2026-03-05 16:04:57,134 - INFO - Viewer 2: Starting browser...
2026-03-05 16:04:57,140 - INFO - Viewer 3: Using proxy http://152.26.229.52:9443
2026-03-05 16:04:57,140 - INFO - Viewer 3: Starting browser...
2026-03-05 16:04:57,304 - INFO - Viewer 2: Loading page...
2026-03-05 16:04:57,311 - INFO - Viewer 1: Loading page...
2026-03-05 16:04:57,314 - INFO - Viewer 3: Loading page...
2026-03-05 16:04:58,355 - INFO - Viewer 3: Browser closed
2026-03-05 16:04:58,355 - ERROR - Viewer 3: Session failed: Viewer 3: Failed to load page: Page.goto: net::ERR_CERT_AUTHORITY_INVALID at https://www.tiktok.com/@khamish92/live
Call log:
  - navigating to "https://www.tiktok.com/@khamish92/live", waiting until "domcontentloaded"

2026-03-05 16:04:58,359 - INFO - Viewer 3: Starting session
2026-03-05 16:04:58,688 - INFO - Viewer 3: Using proxy http://45.140.147.82:1081
2026-03-05 16:04:58,688 - INFO - Viewer 3: Starting browser...
2026-03-05 16:04:58,815 - INFO - Viewer 3: Loading page...
2026-03-05 16:05:02,358 - INFO - Viewer 1: Browser closed
2026-03-05 16:05:02,358 - ERROR - Viewer 1: Session failed: Viewer 1: Failed to load page: Page.goto: net::ERR_EMPTY_RESPONSE at https://www.tiktok.com/@khamish92/live
Call log:
  - navigating to "https://www.tiktok.com/@khamish92/live", waiting until "domcontentloaded"

2026-03-05 16:05:02,360 - INFO - Viewer 2: Browser closed
2026-03-05 16:05:02,360 - ERROR - Viewer 2: Session failed: Viewer 2: Failed to load page: Page.goto: net::ERR_EMPTY_RESPONSE at https://www.tiktok.com/@khamish92/live
Call log:
  - navigating to "https://www.tiktok.com/@khamish92/live", waiting until "domcontentloaded"

2026-03-05 16:05:02,366 - INFO - Viewer 1: Starting session
2026-03-05 16:05:02,368 - INFO - Viewer 2: Starting session
2026-03-05 16:05:02,704 - INFO - Viewer 1: Using proxy http://116.80.82.217:3172
2026-03-05 16:05:02,704 - INFO - Viewer 1: Starting browser...
2026-03-05 16:05:02,706 - INFO - Viewer 2: Using proxy http://45.140.147.82:1081
2026-03-05 16:05:02,706 - INFO - Viewer 2: Starting browser...
2026-03-05 16:05:02,860 - INFO - Viewer 1: Loading page...
2026-03-05 16:05:02,865 - INFO - Viewer 2: Loading page...
2026-03-05 16:05:13,404 - INFO - Viewer 1: Page loaded (status: 200)
2026-03-05 16:05:21,462 - INFO - Viewer 1: Browser closed
2026-03-05 16:05:21,462 - ERROR - Viewer 1: Session failed: Viewer 1: Live stream has ended
2026-03-05 16:05:21,467 - INFO - Viewer 1: Starting session
2026-03-05 16:05:21,820 - INFO - Viewer 1: Using proxy http://152.26.229.52:9443
2026-03-05 16:05:21,820 - INFO - Viewer 1: Starting browser...
2026-03-05 16:05:21,952 - INFO - Viewer 1: Loading page...
2026-03-05 16:05:23,035 - INFO - Viewer 1: Browser closed
2026-03-05 16:05:23,035 - ERROR - Viewer 1: Session failed: Viewer 1: Failed to load page: Page.goto: net::ERR_CERT_AUTHORITY_INVALID at https://www.tiktok.com/@khamish92/live
Call log:
  - navigating to "https://www.tiktok.com/@khamish92/live", waiting until "domcontentloaded"

2026-03-05 16:05:39,252 - INFO - Viewer 2: Browser closed
2026-03-05 16:05:39,253 - ERROR - Viewer 2: Session failed: Viewer 2: Failed to load page: Page.goto: net::ERR_EMPTY_RESPONSE at https://www.tiktok.com/@khamish92/live
Call log:
  - navigating to "https://www.tiktok.com/@khamish92/live", waiting until "domcontentloaded"

2026-03-05 16:05:39,256 - INFO - Viewer 2: Starting session
2026-03-05 16:05:39,440 - INFO - Viewer 3: Browser closed
2026-03-05 16:05:39,440 - ERROR - Viewer 3: Session failed: Viewer 3: Failed to load page: Page.goto: net::ERR_EMPTY_RESPONSE at https://www.tiktok.com/@khamish92/live
Call log:
  - navigating to "https://www.tiktok.com/@khamish92/live", waiting until "domcontentloaded"

2026-03-05 16:05:39,444 - INFO - Viewer 3: Starting session
2026-03-05 16:05:39,597 - INFO - Viewer 2: Using proxy http://152.26.229.52:9443
2026-03-05 16:05:39,597 - INFO - Viewer 2: Starting browser...
2026-03-05 16:05:39,714 - INFO - Viewer 2: Loading page...
2026-03-05 16:05:39,786 - INFO - Viewer 3: Using proxy http://116.80.82.217:3172
2026-03-05 16:05:39,786 - INFO - Viewer 3: Starting browser...
2026-03-05 16:05:39,906 - INFO - Viewer 3: Loading page...
2026-03-05 16:05:40,780 - INFO - Viewer 2: Browser closed
2026-03-05 16:05:40,780 - ERROR - Viewer 2: Session failed: Viewer 2: Failed to load page: Page.goto: net::ERR_CERT_AUTHORITY_INVALID at https://www.tiktok.com/@khamish92/live
Call log:
  - navigating to "https://www.tiktok.com/@khamish92/live", waiting until "domcontentloaded"

2026-03-05 16:05:57,617 - INFO - Viewer 3: Page loaded (status: 200)
2026-03-05 16:06:05,675 - INFO - Viewer 3: Browser closed
2026-03-05 16:06:05,675 - ERROR - Viewer 3: Session failed: Viewer 3: Live stream has ended
2026-03-05 16:16:37,999 - INFO - Viewer 1: Starting session
2026-03-05 16:16:37,999 - INFO - Viewer 2: Starting session
2026-03-05 16:16:37,999 - INFO - Viewer 3: Starting session
2026-03-05 16:16:38,351 - INFO - Viewer 3: Using proxy http://khamis1992:zWoUVToxxgp3nYGE@proxy.packetstream.io:31112
2026-03-05 16:16:38,351 - INFO - Viewer 3: Starting browser...
2026-03-05 16:16:38,365 - INFO - Viewer 1: Using proxy http://khamis1992:zWoUVToxxgp3nYGE@proxy.packetstream.io:31112
2026-03-05 16:16:38,365 - INFO - Viewer 1: Starting browser...
2026-03-05 16:16:38,379 - INFO - Viewer 2: Using proxy http://khamis1992:zWoUVToxxgp3nYGE@proxy.packetstream.io:31112
2026-03-05 16:16:38,379 - INFO - Viewer 2: Starting browser...
2026-03-05 16:16:38,502 - INFO - Viewer 3: Loading page...
2026-03-05 16:16:38,519 - INFO - Viewer 1: Loading page...
2026-03-05 16:16:38,549 - INFO - Viewer 2: Loading page...
2026-03-05 16:17:38,536 - INFO - Viewer 3: Browser closed
2026-03-05 16:17:38,537 - ERROR - Viewer 3: Session failed: Viewer 3: Timeout loading page: Page.goto: Timeout 60000ms exceeded.
Call log:
  - navigating to "https://www.tiktok.com/@khamish92/live", waiting until "domcontentloaded"

2026-03-05 16:17:38,548 - INFO - Viewer 1: Browser closed
2026-03-05 16:17:38,548 - ERROR - Viewer 1: Session failed: Viewer 1: Timeout loading page: Page.goto: Timeout 60000ms exceeded.
Call log:
  - navigating to "https://www.tiktok.com/@khamish92/live", waiting until "domcontentloaded"

2026-03-05 16:17:38,578 - INFO - Viewer 2: Browser closed
2026-03-05 16:17:38,578 - ERROR - Viewer 2: Session failed: Viewer 2: Timeout loading page: Page.goto: Timeout 60000ms exceeded.
Call log:
  - navigating to "https://www.tiktok.com/@khamish92/live", waiting until "domcontentloaded"

2026-03-05 16:19:19,854 - INFO - Viewer 1: Starting session
2026-03-05 16:19:19,854 - INFO - Viewer 2: Starting session
2026-03-05 16:19:19,854 - INFO - Viewer 3: Starting session
2026-03-05 16:19:20,206 - INFO - Viewer 2: Using proxy http://khamis1992:zWoUVToxxgp3nYGE@proxy.packetstream.io:31112
2026-03-05 16:19:20,207 - INFO - Viewer 2: Starting browser...
2026-03-05 16:19:20,221 - INFO - Viewer 1: Using proxy http://khamis1992:zWoUVToxxgp3nYGE@proxy.packetstream.io:31112
2026-03-05 16:19:20,222 - INFO - Viewer 1: Starting browser...
2026-03-05 16:19:20,242 - INFO - Viewer 3: Using proxy http://khamis1992:zWoUVToxxgp3nYGE@proxy.packetstream.io:31112
2026-03-05 16:19:20,242 - INFO - Viewer 3: Starting browser...
2026-03-05 16:19:20,391 - INFO - Viewer 1: Loading page...
2026-03-05 16:19:20,393 - INFO - Viewer 2: Loading page...
2026-03-05 16:19:20,414 - INFO - Viewer 3: Loading page...
2026-03-05 16:20:50,395 - WARNING - Viewer 1: domcontentloaded timed out, trying commit strategy...
2026-03-05 16:20:50,396 - WARNING - Viewer 2: domcontentloaded timed out, trying commit strategy...
2026-03-05 16:20:50,417 - WARNING - Viewer 3: domcontentloaded timed out, trying commit strategy...
2026-03-05 16:21:06,745 - INFO - Viewer 1: Page committed (status: 407)
2026-03-05 16:21:06,751 - INFO - Viewer 3: Page committed (status: 407)
2026-03-05 16:21:06,752 - INFO - Viewer 2: Page committed (status: 407)
2026-03-05 16:23:00,697 - INFO - Viewer 1: Starting session
2026-03-05 16:23:00,697 - INFO - Viewer 2: Starting session
2026-03-05 16:23:00,698 - INFO - Viewer 3: Starting session
2026-03-05 16:23:01,039 - INFO - Viewer 1: Using proxy http://proxy.packetstream.io:31112
2026-03-05 16:23:01,039 - INFO - Viewer 1: Starting browser...
2026-03-05 16:23:01,055 - INFO - Viewer 2: Using proxy http://proxy.packetstream.io:31112
2026-03-05 16:23:01,055 - INFO - Viewer 2: Starting browser...
2026-03-05 16:23:01,066 - INFO - Viewer 3: Using proxy http://proxy.packetstream.io:31112
2026-03-05 16:23:01,067 - INFO - Viewer 3: Starting browser...
2026-03-05 16:23:01,225 - INFO - Viewer 1: Loading page...
2026-03-05 16:23:01,229 - INFO - Viewer 3: Loading page...
2026-03-05 16:23:01,236 - INFO - Viewer 2: Loading page...
2026-03-05 16:23:10,149 - INFO - Viewer 3: Page loaded (status: 200)
2026-03-05 16:23:13,381 - INFO - Viewer 1: Browser closed
2026-03-05 16:23:13,381 - ERROR - Viewer 1: Session failed: Viewer 1: Failed to load page: Page.goto: net::ERR_EMPTY_RESPONSE at https://www.tiktok.com/@khamish92/live
Call log:
  - navigating to "https://www.tiktok.com/@khamish92/live", waiting until "domcontentloaded"

2026-03-05 16:23:16,761 - INFO - Viewer 2: Page loaded (status: 200)
2026-03-05 16:23:18,214 - INFO - Viewer 3: Browser closed
2026-03-05 16:23:18,214 - ERROR - Viewer 3: Session failed: Viewer 3: Live stream has ended
2026-03-05 16:23:24,855 - INFO - Viewer 2: Browser closed
2026-03-05 16:23:24,855 - ERROR - Viewer 2: Session failed: Viewer 2: Live stream has ended
